   1              		.syntax unified
   2              		.cpu cortex-m4
   3              		.fpu softvfp
   4              		.eabi_attribute 20, 1
   5              		.eabi_attribute 21, 1
   6              		.eabi_attribute 23, 3
   7              		.eabi_attribute 24, 1
   8              		.eabi_attribute 25, 1
   9              		.eabi_attribute 26, 1
  10              		.eabi_attribute 30, 6
  11              		.eabi_attribute 34, 1
  12              		.eabi_attribute 18, 4
  13              		.thumb
  14              		.file	"system_stm32f4xx.c"
  15              		.text
  16              	.Ltext0:
  17              		.cfi_sections	.debug_frame
  18              		.global	SystemCoreClock
  19              		.data
  20              		.align	2
  23              	SystemCoreClock:
  24 0000 007A030A 		.word	168000000
  25              		.global	AHBPrescTable
  26              		.align	2
  29              	AHBPrescTable:
  30 0004 00       		.byte	0
  31 0005 00       		.byte	0
  32 0006 00       		.byte	0
  33 0007 00       		.byte	0
  34 0008 00       		.byte	0
  35 0009 00       		.byte	0
  36 000a 00       		.byte	0
  37 000b 00       		.byte	0
  38 000c 01       		.byte	1
  39 000d 02       		.byte	2
  40 000e 03       		.byte	3
  41 000f 04       		.byte	4
  42 0010 06       		.byte	6
  43 0011 07       		.byte	7
  44 0012 08       		.byte	8
  45 0013 09       		.byte	9
  46              		.text
  47              		.align	2
  48              		.global	SystemInit
  49              		.thumb
  50              		.thumb_func
  52              	SystemInit:
  53              	.LFB110:
  54              		.file 1 "../system_stm32f4xx.c"
   1:../system_stm32f4xx.c **** /**
   2:../system_stm32f4xx.c ****   ******************************************************************************
   3:../system_stm32f4xx.c ****   * @file    system_stm32f4xx.c
   4:../system_stm32f4xx.c ****   * @author  MCD Application Team
   5:../system_stm32f4xx.c ****   * @version V1.0.0
   6:../system_stm32f4xx.c ****   * @date    19-September-2011
   7:../system_stm32f4xx.c ****   * @brief   CMSIS Cortex-M4 Device Peripheral Access Layer System Source File.
   8:../system_stm32f4xx.c ****   *          This file contains the system clock configuration for STM32F4xx devices,
   9:../system_stm32f4xx.c ****   *          and is generated by the clock configuration tool
  10:../system_stm32f4xx.c ****   *          stm32f4xx_Clock_Configuration_V1.0.0.xls
  11:../system_stm32f4xx.c ****   *             
  12:../system_stm32f4xx.c ****   * 1.  This file provides two functions and one global variable to be called from 
  13:../system_stm32f4xx.c ****   *     user application:
  14:../system_stm32f4xx.c ****   *      - SystemInit(): Setups the system clock (System clock source, PLL Multiplier
  15:../system_stm32f4xx.c ****   *                      and Divider factors, AHB/APBx prescalers and Flash settings),
  16:../system_stm32f4xx.c ****   *                      depending on the configuration made in the clock xls tool. 
  17:../system_stm32f4xx.c ****   *                      This function is called at startup just after reset and 
  18:../system_stm32f4xx.c ****   *                      before branch to main program. This call is made inside
  19:../system_stm32f4xx.c ****   *                      the "startup_stm32f4xx.s" file.
  20:../system_stm32f4xx.c ****   *
  21:../system_stm32f4xx.c ****   *      - SystemCoreClock variable: Contains the core clock (HCLK), it can be used
  22:../system_stm32f4xx.c ****   *                                  by the user application to setup the SysTick 
  23:../system_stm32f4xx.c ****   *                                  timer or configure other parameters.
  24:../system_stm32f4xx.c ****   *                                     
  25:../system_stm32f4xx.c ****   *      - SystemCoreClockUpdate(): Updates the variable SystemCoreClock and must
  26:../system_stm32f4xx.c ****   *                                 be called whenever the core clock is changed
  27:../system_stm32f4xx.c ****   *                                 during program execution.
  28:../system_stm32f4xx.c ****   *
  29:../system_stm32f4xx.c ****   * 2. After each device reset the HSI (16 MHz) is used as system clock source.
  30:../system_stm32f4xx.c ****   *    Then SystemInit() function is called, in "startup_stm32f4xx.s" file, to
  31:../system_stm32f4xx.c ****   *    configure the system clock before to branch to main program.
  32:../system_stm32f4xx.c ****   *
  33:../system_stm32f4xx.c ****   * 3. If the system clock source selected by user fails to startup, the SystemInit()
  34:../system_stm32f4xx.c ****   *    function will do nothing and HSI still used as system clock source. User can 
  35:../system_stm32f4xx.c ****   *    add some code to deal with this issue inside the SetSysClock() function.
  36:../system_stm32f4xx.c ****   *
  37:../system_stm32f4xx.c ****   * 4. The default value of HSE crystal is set to 8 MHz, refer to "HSE_VALUE" define
  38:../system_stm32f4xx.c ****   *    in "stm32f4xx.h" file. When HSE is used as system clock source, directly or
  39:../system_stm32f4xx.c ****   *    through PLL, and you are using different crystal you have to adapt the HSE
  40:../system_stm32f4xx.c ****   *    value to your own configuration.
  41:../system_stm32f4xx.c ****   *
  42:../system_stm32f4xx.c ****   * 5. This file configures the system clock as follows:
  43:../system_stm32f4xx.c ****   *=============================================================================
  44:../system_stm32f4xx.c ****   *=============================================================================
  45:../system_stm32f4xx.c ****   *        Supported STM32F4xx device revision    | Rev A
  46:../system_stm32f4xx.c ****   *-----------------------------------------------------------------------------
  47:../system_stm32f4xx.c ****   *        System Clock source                    | PLL (HSE)
  48:../system_stm32f4xx.c ****   *-----------------------------------------------------------------------------
  49:../system_stm32f4xx.c ****   *        SYSCLK(Hz)                             | 168000000
  50:../system_stm32f4xx.c ****   *-----------------------------------------------------------------------------
  51:../system_stm32f4xx.c ****   *        HCLK(Hz)                               | 168000000
  52:../system_stm32f4xx.c ****   *-----------------------------------------------------------------------------
  53:../system_stm32f4xx.c ****   *        AHB Prescaler                          | 1
  54:../system_stm32f4xx.c ****   *-----------------------------------------------------------------------------
  55:../system_stm32f4xx.c ****   *        APB1 Prescaler                         | 4
  56:../system_stm32f4xx.c ****   *-----------------------------------------------------------------------------
  57:../system_stm32f4xx.c ****   *        APB2 Prescaler                         | 2
  58:../system_stm32f4xx.c ****   *-----------------------------------------------------------------------------
  59:../system_stm32f4xx.c ****   *        HSE Frequency(Hz)                      | 8000000
  60:../system_stm32f4xx.c ****   *-----------------------------------------------------------------------------
  61:../system_stm32f4xx.c ****   *        PLL_M                                  | 8
  62:../system_stm32f4xx.c ****   *-----------------------------------------------------------------------------
  63:../system_stm32f4xx.c ****   *        PLL_N                                  | 336
  64:../system_stm32f4xx.c ****   *-----------------------------------------------------------------------------
  65:../system_stm32f4xx.c ****   *        PLL_P                                  | 2
  66:../system_stm32f4xx.c ****   *-----------------------------------------------------------------------------
  67:../system_stm32f4xx.c ****   *        PLL_Q                                  | 7
  68:../system_stm32f4xx.c ****   *-----------------------------------------------------------------------------
  69:../system_stm32f4xx.c ****   *        PLLI2S_N                               | 192
  70:../system_stm32f4xx.c ****   *-----------------------------------------------------------------------------
  71:../system_stm32f4xx.c ****   *        PLLI2S_R                               | 5
  72:../system_stm32f4xx.c ****   *-----------------------------------------------------------------------------
  73:../system_stm32f4xx.c ****   *        I2S input clock(Hz)                    | 38400000
  74:../system_stm32f4xx.c ****   *-----------------------------------------------------------------------------
  75:../system_stm32f4xx.c ****   *        VDD(V)                                 | 3.3
  76:../system_stm32f4xx.c ****   *-----------------------------------------------------------------------------
  77:../system_stm32f4xx.c ****   *        High Performance mode                  | Enabled
  78:../system_stm32f4xx.c ****   *-----------------------------------------------------------------------------
  79:../system_stm32f4xx.c ****   *        Flash Latency(WS)                      | 5
  80:../system_stm32f4xx.c ****   *-----------------------------------------------------------------------------
  81:../system_stm32f4xx.c ****   *        Prefetch Buffer                        | OFF
  82:../system_stm32f4xx.c ****   *-----------------------------------------------------------------------------
  83:../system_stm32f4xx.c ****   *        Instruction cache                      | ON
  84:../system_stm32f4xx.c ****   *-----------------------------------------------------------------------------
  85:../system_stm32f4xx.c ****   *        Data cache                             | ON
  86:../system_stm32f4xx.c ****   *-----------------------------------------------------------------------------
  87:../system_stm32f4xx.c ****   *        Require 48MHz for USB OTG FS,          | Enabled
  88:../system_stm32f4xx.c ****   *        SDIO and RNG clock                     |
  89:../system_stm32f4xx.c ****   *-----------------------------------------------------------------------------
  90:../system_stm32f4xx.c ****   *=============================================================================
  91:../system_stm32f4xx.c ****   ****************************************************************************** 
  92:../system_stm32f4xx.c ****   * @attention
  93:../system_stm32f4xx.c ****   *
  94:../system_stm32f4xx.c ****   * THE PRESENT FIRMWARE WHICH IS FOR GUIDANCE ONLY AIMS AT PROVIDING CUSTOMERS
  95:../system_stm32f4xx.c ****   * WITH CODING INFORMATION REGARDING THEIR PRODUCTS IN ORDER FOR THEM TO SAVE
  96:../system_stm32f4xx.c ****   * TIME. AS A RESULT, STMICROELECTRONICS SHALL NOT BE HELD LIABLE FOR ANY
  97:../system_stm32f4xx.c ****   * DIRECT, INDIRECT OR CONSEQUENTIAL DAMAGES WITH RESPECT TO ANY CLAIMS ARISING
  98:../system_stm32f4xx.c ****   * FROM THE CONTENT OF SUCH FIRMWARE AND/OR THE USE MADE BY CUSTOMERS OF THE
  99:../system_stm32f4xx.c ****   * CODING INFORMATION CONTAINED HEREIN IN CONNECTION WITH THEIR PRODUCTS.
 100:../system_stm32f4xx.c ****   *
 101:../system_stm32f4xx.c ****   * <h2><center>&copy; COPYRIGHT 2011 STMicroelectronics</center></h2>
 102:../system_stm32f4xx.c ****   ******************************************************************************
 103:../system_stm32f4xx.c ****   */
 104:../system_stm32f4xx.c **** 
 105:../system_stm32f4xx.c **** /** @addtogroup CMSIS
 106:../system_stm32f4xx.c ****   * @{
 107:../system_stm32f4xx.c ****   */
 108:../system_stm32f4xx.c **** 
 109:../system_stm32f4xx.c **** /** @addtogroup stm32f4xx_system
 110:../system_stm32f4xx.c ****   * @{
 111:../system_stm32f4xx.c ****   */  
 112:../system_stm32f4xx.c ****   
 113:../system_stm32f4xx.c **** /** @addtogroup STM32F4xx_System_Private_Includes
 114:../system_stm32f4xx.c ****   * @{
 115:../system_stm32f4xx.c ****   */
 116:../system_stm32f4xx.c **** 
 117:../system_stm32f4xx.c **** #include "stm32f4xx.h"
 118:../system_stm32f4xx.c **** 
 119:../system_stm32f4xx.c **** /**
 120:../system_stm32f4xx.c ****   * @}
 121:../system_stm32f4xx.c ****   */
 122:../system_stm32f4xx.c **** 
 123:../system_stm32f4xx.c **** /** @addtogroup STM32F4xx_System_Private_TypesDefinitions
 124:../system_stm32f4xx.c ****   * @{
 125:../system_stm32f4xx.c ****   */
 126:../system_stm32f4xx.c **** 
 127:../system_stm32f4xx.c **** /**
 128:../system_stm32f4xx.c ****   * @}
 129:../system_stm32f4xx.c ****   */
 130:../system_stm32f4xx.c **** 
 131:../system_stm32f4xx.c **** /** @addtogroup STM32F4xx_System_Private_Defines
 132:../system_stm32f4xx.c ****   * @{
 133:../system_stm32f4xx.c ****   */
 134:../system_stm32f4xx.c **** 
 135:../system_stm32f4xx.c **** /*!< Uncomment the following line if you need to use external SRAM mounted
 136:../system_stm32f4xx.c ****      on STM324xG_EVAL board as data memory  */
 137:../system_stm32f4xx.c **** /* #define DATA_IN_ExtSRAM */
 138:../system_stm32f4xx.c **** 
 139:../system_stm32f4xx.c **** /*!< Uncomment the following line if you need to relocate your vector Table in
 140:../system_stm32f4xx.c ****      Internal SRAM. */
 141:../system_stm32f4xx.c **** /* #define VECT_TAB_SRAM */
 142:../system_stm32f4xx.c **** #define VECT_TAB_OFFSET  0x00 /*!< Vector Table base offset field. 
 143:../system_stm32f4xx.c ****                                    This value must be a multiple of 0x200. */
 144:../system_stm32f4xx.c **** 
 145:../system_stm32f4xx.c **** 
 146:../system_stm32f4xx.c **** /* PLL_VCO = (HSE_VALUE or HSI_VALUE / PLL_M) * PLL_N */
 147:../system_stm32f4xx.c **** #define PLL_M      8
 148:../system_stm32f4xx.c **** #define PLL_N      336
 149:../system_stm32f4xx.c **** 
 150:../system_stm32f4xx.c **** /* SYSCLK = PLL_VCO / PLL_P */
 151:../system_stm32f4xx.c **** #define PLL_P      2
 152:../system_stm32f4xx.c **** 
 153:../system_stm32f4xx.c **** /* USB OTG FS, SDIO and RNG Clock =  PLL_VCO / PLLQ */
 154:../system_stm32f4xx.c **** #define PLL_Q      7
 155:../system_stm32f4xx.c **** 
 156:../system_stm32f4xx.c **** /* PLLI2S_VCO = (HSE_VALUE Or HSI_VALUE / PLL_M) * PLLI2S_N
 157:../system_stm32f4xx.c ****    I2SCLK = PLLI2S_VCO / PLLI2S_R */
 158:../system_stm32f4xx.c **** #define PLLI2S_N   192
 159:../system_stm32f4xx.c **** #define PLLI2S_R   5
 160:../system_stm32f4xx.c **** 
 161:../system_stm32f4xx.c **** /**
 162:../system_stm32f4xx.c ****   * @}
 163:../system_stm32f4xx.c ****   */
 164:../system_stm32f4xx.c **** 
 165:../system_stm32f4xx.c **** /** @addtogroup STM32F4xx_System_Private_Macros
 166:../system_stm32f4xx.c ****   * @{
 167:../system_stm32f4xx.c ****   */
 168:../system_stm32f4xx.c **** 
 169:../system_stm32f4xx.c **** /**
 170:../system_stm32f4xx.c ****   * @}
 171:../system_stm32f4xx.c ****   */
 172:../system_stm32f4xx.c **** 
 173:../system_stm32f4xx.c **** /** @addtogroup STM32F4xx_System_Private_Variables
 174:../system_stm32f4xx.c ****   * @{
 175:../system_stm32f4xx.c ****   */
 176:../system_stm32f4xx.c **** 
 177:../system_stm32f4xx.c ****   uint32_t SystemCoreClock = 168000000;
 178:../system_stm32f4xx.c **** 
 179:../system_stm32f4xx.c ****   __I uint8_t AHBPrescTable[16] = {0, 0, 0, 0, 0, 0, 0, 0, 1, 2, 3, 4, 6, 7, 8, 9};
 180:../system_stm32f4xx.c **** 
 181:../system_stm32f4xx.c **** /**
 182:../system_stm32f4xx.c ****   * @}
 183:../system_stm32f4xx.c ****   */
 184:../system_stm32f4xx.c **** 
 185:../system_stm32f4xx.c **** /** @addtogroup STM32F4xx_System_Private_FunctionPrototypes
 186:../system_stm32f4xx.c ****   * @{
 187:../system_stm32f4xx.c ****   */
 188:../system_stm32f4xx.c **** 
 189:../system_stm32f4xx.c **** static void SetSysClock(void);
 190:../system_stm32f4xx.c **** #ifdef DATA_IN_ExtSRAM
 191:../system_stm32f4xx.c ****   static void SystemInit_ExtMemCtl(void); 
 192:../system_stm32f4xx.c **** #endif /* DATA_IN_ExtSRAM */
 193:../system_stm32f4xx.c **** 
 194:../system_stm32f4xx.c **** /**
 195:../system_stm32f4xx.c ****   * @}
 196:../system_stm32f4xx.c ****   */
 197:../system_stm32f4xx.c **** 
 198:../system_stm32f4xx.c **** /** @addtogroup STM32F4xx_System_Private_Functions
 199:../system_stm32f4xx.c ****   * @{
 200:../system_stm32f4xx.c ****   */
 201:../system_stm32f4xx.c **** 
 202:../system_stm32f4xx.c **** /**
 203:../system_stm32f4xx.c ****   * @brief  Setup the microcontroller system
 204:../system_stm32f4xx.c ****   *         Initialize the Embedded Flash Interface, the PLL and update the 
 205:../system_stm32f4xx.c ****   *         SystemFrequency variable.
 206:../system_stm32f4xx.c ****   * @param  None
 207:../system_stm32f4xx.c ****   * @retval None
 208:../system_stm32f4xx.c ****   */
 209:../system_stm32f4xx.c **** void SystemInit(void)
 210:../system_stm32f4xx.c **** {
  55              		.loc 1 210 0
  56              		.cfi_startproc
  57              		@ args = 0, pretend = 0, frame = 0
  58              		@ frame_needed = 1, uses_anonymous_args = 0
  59 0000 80B5     		push	{r7, lr}
  60              	.LCFI0:
  61              		.cfi_def_cfa_offset 8
  62              		.cfi_offset 14, -4
  63              		.cfi_offset 7, -8
  64 0002 00AF     		add	r7, sp, #0
  65              	.LCFI1:
  66              		.cfi_def_cfa_register 7
 211:../system_stm32f4xx.c ****   /* Reset the RCC clock configuration to the default reset state ------------*/
 212:../system_stm32f4xx.c ****   /* Set HSION bit */
 213:../system_stm32f4xx.c ****   RCC->CR |= (uint32_t)0x00000001;
  67              		.loc 1 213 0
  68 0004 4FF46053 		mov	r3, #14336
  69 0008 C4F20203 		movt	r3, 16386
  70 000c 4FF46052 		mov	r2, #14336
  71 0010 C4F20202 		movt	r2, 16386
  72 0014 1268     		ldr	r2, [r2, #0]
  73 0016 42F00102 		orr	r2, r2, #1
  74 001a 1A60     		str	r2, [r3, #0]
 214:../system_stm32f4xx.c **** 
 215:../system_stm32f4xx.c ****   /* Reset CFGR register */
 216:../system_stm32f4xx.c ****   RCC->CFGR = 0x00000000;
  75              		.loc 1 216 0
  76 001c 4FF46053 		mov	r3, #14336
  77 0020 C4F20203 		movt	r3, 16386
  78 0024 4FF00002 		mov	r2, #0
  79 0028 9A60     		str	r2, [r3, #8]
 217:../system_stm32f4xx.c **** 
 218:../system_stm32f4xx.c ****   /* Reset HSEON, CSSON and PLLON bits */
 219:../system_stm32f4xx.c ****   RCC->CR &= (uint32_t)0xFEF6FFFF;
  80              		.loc 1 219 0
  81 002a 4FF46053 		mov	r3, #14336
  82 002e C4F20203 		movt	r3, 16386
  83 0032 4FF46052 		mov	r2, #14336
  84 0036 C4F20202 		movt	r2, 16386
  85 003a 1268     		ldr	r2, [r2, #0]
  86 003c 22F08472 		bic	r2, r2, #17301504
  87 0040 22F48032 		bic	r2, r2, #65536
  88 0044 1A60     		str	r2, [r3, #0]
 220:../system_stm32f4xx.c **** 
 221:../system_stm32f4xx.c ****   /* Reset PLLCFGR register */
 222:../system_stm32f4xx.c ****   RCC->PLLCFGR = 0x24003010;
  89              		.loc 1 222 0
  90 0046 4FF46053 		mov	r3, #14336
  91 004a C4F20203 		movt	r3, 16386
  92 004e 43F21002 		movw	r2, #12304
  93 0052 C2F20042 		movt	r2, 9216
  94 0056 5A60     		str	r2, [r3, #4]
 223:../system_stm32f4xx.c **** 
 224:../system_stm32f4xx.c ****   /* Reset HSEBYP bit */
 225:../system_stm32f4xx.c ****   RCC->CR &= (uint32_t)0xFFFBFFFF;
  95              		.loc 1 225 0
  96 0058 4FF46053 		mov	r3, #14336
  97 005c C4F20203 		movt	r3, 16386
  98 0060 4FF46052 		mov	r2, #14336
  99 0064 C4F20202 		movt	r2, 16386
 100 0068 1268     		ldr	r2, [r2, #0]
 101 006a 22F48022 		bic	r2, r2, #262144
 102 006e 1A60     		str	r2, [r3, #0]
 226:../system_stm32f4xx.c **** 
 227:../system_stm32f4xx.c ****   /* Disable all interrupts */
 228:../system_stm32f4xx.c ****   RCC->CIR = 0x00000000;
 103              		.loc 1 228 0
 104 0070 4FF46053 		mov	r3, #14336
 105 0074 C4F20203 		movt	r3, 16386
 106 0078 4FF00002 		mov	r2, #0
 107 007c DA60     		str	r2, [r3, #12]
 229:../system_stm32f4xx.c **** 
 230:../system_stm32f4xx.c **** #ifdef DATA_IN_ExtSRAM
 231:../system_stm32f4xx.c ****   SystemInit_ExtMemCtl(); 
 232:../system_stm32f4xx.c **** #endif /* DATA_IN_ExtSRAM */
 233:../system_stm32f4xx.c ****          
 234:../system_stm32f4xx.c ****   /* Configure the System clock source, PLL Multiplier and Divider factors, 
 235:../system_stm32f4xx.c ****      AHB/APBx prescalers and Flash settings ----------------------------------*/
 236:../system_stm32f4xx.c ****   SetSysClock();
 108              		.loc 1 236 0
 109 007e 00F0C1F8 		bl	SetSysClock
 237:../system_stm32f4xx.c **** 
 238:../system_stm32f4xx.c ****   /* Configure the Vector Table location add offset address ------------------*/
 239:../system_stm32f4xx.c **** #ifdef VECT_TAB_SRAM
 240:../system_stm32f4xx.c ****   SCB->VTOR = SRAM_BASE | VECT_TAB_OFFSET; /* Vector Table Relocation in Internal SRAM */
 241:../system_stm32f4xx.c **** #else
 242:../system_stm32f4xx.c ****   SCB->VTOR = FLASH_BASE | VECT_TAB_OFFSET; /* Vector Table Relocation in Internal FLASH */
 110              		.loc 1 242 0
 111 0082 4FF46D43 		mov	r3, #60672
 112 0086 CEF20003 		movt	r3, 57344
 113 008a 4FF00062 		mov	r2, #134217728
 114 008e 9A60     		str	r2, [r3, #8]
 243:../system_stm32f4xx.c **** #endif
 244:../system_stm32f4xx.c **** }
 115              		.loc 1 244 0
 116 0090 80BD     		pop	{r7, pc}
 117              		.cfi_endproc
 118              	.LFE110:
 120 0092 00BF     		.align	2
 121              		.global	SystemCoreClockUpdate
 122              		.thumb
 123              		.thumb_func
 125              	SystemCoreClockUpdate:
 126              	.LFB111:
 245:../system_stm32f4xx.c **** 
 246:../system_stm32f4xx.c **** /**
 247:../system_stm32f4xx.c ****    * @brief  Update SystemCoreClock variable according to Clock Register Values.
 248:../system_stm32f4xx.c ****   *         The SystemCoreClock variable contains the core clock (HCLK), it can
 249:../system_stm32f4xx.c ****   *         be used by the user application to setup the SysTick timer or configure
 250:../system_stm32f4xx.c ****   *         other parameters.
 251:../system_stm32f4xx.c ****   *           
 252:../system_stm32f4xx.c ****   * @note   Each time the core clock (HCLK) changes, this function must be called
 253:../system_stm32f4xx.c ****   *         to update SystemCoreClock variable value. Otherwise, any configuration
 254:../system_stm32f4xx.c ****   *         based on this variable will be incorrect.         
 255:../system_stm32f4xx.c ****   *     
 256:../system_stm32f4xx.c ****   * @note   - The system frequency computed by this function is not the real 
 257:../system_stm32f4xx.c ****   *           frequency in the chip. It is calculated based on the predefined 
 258:../system_stm32f4xx.c ****   *           constant and the selected clock source:
 259:../system_stm32f4xx.c ****   *             
 260:../system_stm32f4xx.c ****   *           - If SYSCLK source is HSI, SystemCoreClock will contain the HSI_VALUE(*)
 261:../system_stm32f4xx.c ****   *                                              
 262:../system_stm32f4xx.c ****   *           - If SYSCLK source is HSE, SystemCoreClock will contain the HSE_VALUE(**)
 263:../system_stm32f4xx.c ****   *                          
 264:../system_stm32f4xx.c ****   *           - If SYSCLK source is PLL, SystemCoreClock will contain the HSE_VALUE(**) 
 265:../system_stm32f4xx.c ****   *             or HSI_VALUE(*) multiplied/divided by the PLL factors.
 266:../system_stm32f4xx.c ****   *         
 267:../system_stm32f4xx.c ****   *         (*) HSI_VALUE is a constant defined in stm32f4xx.h file (default value
 268:../system_stm32f4xx.c ****   *             16 MHz) but the real value may vary depending on the variations
 269:../system_stm32f4xx.c ****   *             in voltage and temperature.   
 270:../system_stm32f4xx.c ****   *    
 271:../system_stm32f4xx.c ****   *         (**) HSE_VALUE is a constant defined in stm32f4xx.h file (default value
 272:../system_stm32f4xx.c ****   *              25 MHz), user has to ensure that HSE_VALUE is same as the real
 273:../system_stm32f4xx.c ****   *              frequency of the crystal used. Otherwise, this function may
 274:../system_stm32f4xx.c ****   *              have wrong result.
 275:../system_stm32f4xx.c ****   *                
 276:../system_stm32f4xx.c ****   *         - The result of this function could be not correct when using fractional
 277:../system_stm32f4xx.c ****   *           value for HSE crystal.
 278:../system_stm32f4xx.c ****   *     
 279:../system_stm32f4xx.c ****   * @param  None
 280:../system_stm32f4xx.c ****   * @retval None
 281:../system_stm32f4xx.c ****   */
 282:../system_stm32f4xx.c **** void SystemCoreClockUpdate(void)
 283:../system_stm32f4xx.c **** {
 127              		.loc 1 283 0
 128              		.cfi_startproc
 129              		@ args = 0, pretend = 0, frame = 24
 130              		@ frame_needed = 1, uses_anonymous_args = 0
 131              		@ link register save eliminated.
 132 0094 80B4     		push	{r7}
 133              	.LCFI2:
 134              		.cfi_def_cfa_offset 4
 135              		.cfi_offset 7, -4
 136 0096 87B0     		sub	sp, sp, #28
 137              	.LCFI3:
 138              		.cfi_def_cfa_offset 32
 139 0098 00AF     		add	r7, sp, #0
 140              	.LCFI4:
 141              		.cfi_def_cfa_register 7
 284:../system_stm32f4xx.c ****   uint32_t tmp = 0, pllvco = 0, pllp = 2, pllsource = 0, pllm = 2;
 142              		.loc 1 284 0
 143 009a 4FF00003 		mov	r3, #0
 144 009e 3B61     		str	r3, [r7, #16]
 145 00a0 4FF00003 		mov	r3, #0
 146 00a4 7B61     		str	r3, [r7, #20]
 147 00a6 4FF00203 		mov	r3, #2
 148 00aa FB60     		str	r3, [r7, #12]
 149 00ac 4FF00003 		mov	r3, #0
 150 00b0 BB60     		str	r3, [r7, #8]
 151 00b2 4FF00203 		mov	r3, #2
 152 00b6 7B60     		str	r3, [r7, #4]
 285:../system_stm32f4xx.c ****   
 286:../system_stm32f4xx.c ****   /* Get SYSCLK source -------------------------------------------------------*/
 287:../system_stm32f4xx.c ****   tmp = RCC->CFGR & RCC_CFGR_SWS;
 153              		.loc 1 287 0
 154 00b8 4FF46053 		mov	r3, #14336
 155 00bc C4F20203 		movt	r3, 16386
 156 00c0 9B68     		ldr	r3, [r3, #8]
 157 00c2 03F00C03 		and	r3, r3, #12
 158 00c6 3B61     		str	r3, [r7, #16]
 288:../system_stm32f4xx.c **** 
 289:../system_stm32f4xx.c ****   switch (tmp)
 159              		.loc 1 289 0
 160 00c8 3B69     		ldr	r3, [r7, #16]
 161 00ca 042B     		cmp	r3, #4
 162 00cc 0DD0     		beq	.L5
 163 00ce 082B     		cmp	r3, #8
 164 00d0 15D0     		beq	.L6
 165 00d2 002B     		cmp	r3, #0
 166 00d4 69D1     		bne	.L10
 167              	.L4:
 290:../system_stm32f4xx.c ****   {
 291:../system_stm32f4xx.c ****     case 0x00:  /* HSI used as system clock source */
 292:../system_stm32f4xx.c ****       SystemCoreClock = HSI_VALUE;
 168              		.loc 1 292 0
 169 00d6 40F20003 		movw	r3, #:lower16:SystemCoreClock
 170 00da C0F20003 		movt	r3, #:upper16:SystemCoreClock
 171 00de 4FF41052 		mov	r2, #9216
 172 00e2 C0F2F402 		movt	r2, 244
 173 00e6 1A60     		str	r2, [r3, #0]
 293:../system_stm32f4xx.c ****       break;
 174              		.loc 1 293 0
 175 00e8 69E0     		b	.L7
 176              	.L5:
 294:../system_stm32f4xx.c ****     case 0x04:  /* HSE used as system clock source */
 295:../system_stm32f4xx.c ****       SystemCoreClock = HSE_VALUE;
 177              		.loc 1 295 0
 178 00ea 40F20003 		movw	r3, #:lower16:SystemCoreClock
 179 00ee C0F20003 		movt	r3, #:upper16:SystemCoreClock
 180 00f2 4FF49052 		mov	r2, #4608
 181 00f6 C0F27A02 		movt	r2, 122
 182 00fa 1A60     		str	r2, [r3, #0]
 296:../system_stm32f4xx.c ****       break;
 183              		.loc 1 296 0
 184 00fc 5FE0     		b	.L7
 185              	.L6:
 297:../system_stm32f4xx.c ****     case 0x08:  /* PLL used as system clock source */
 298:../system_stm32f4xx.c **** 
 299:../system_stm32f4xx.c ****       /* PLL_VCO = (HSE_VALUE or HSI_VALUE / PLL_M) * PLL_N
 300:../system_stm32f4xx.c ****          SYSCLK = PLL_VCO / PLL_P
 301:../system_stm32f4xx.c ****          */    
 302:../system_stm32f4xx.c ****       pllsource = (RCC->PLLCFGR & RCC_PLLCFGR_PLLSRC) >> 22;
 186              		.loc 1 302 0
 187 00fe 4FF46053 		mov	r3, #14336
 188 0102 C4F20203 		movt	r3, 16386
 189 0106 5B68     		ldr	r3, [r3, #4]
 190 0108 03F48003 		and	r3, r3, #4194304
 191 010c 4FEA9353 		lsr	r3, r3, #22
 192 0110 BB60     		str	r3, [r7, #8]
 303:../system_stm32f4xx.c ****       pllm = RCC->PLLCFGR & RCC_PLLCFGR_PLLM;
 193              		.loc 1 303 0
 194 0112 4FF46053 		mov	r3, #14336
 195 0116 C4F20203 		movt	r3, 16386
 196 011a 5B68     		ldr	r3, [r3, #4]
 197 011c 03F03F03 		and	r3, r3, #63
 198 0120 7B60     		str	r3, [r7, #4]
 304:../system_stm32f4xx.c ****       
 305:../system_stm32f4xx.c ****       if (pllsource != 0)
 199              		.loc 1 305 0
 200 0122 BB68     		ldr	r3, [r7, #8]
 201 0124 002B     		cmp	r3, #0
 202 0126 14D0     		beq	.L8
 306:../system_stm32f4xx.c ****       {
 307:../system_stm32f4xx.c ****         /* HSE used as PLL clock source */
 308:../system_stm32f4xx.c ****         pllvco = (HSE_VALUE / pllm) * ((RCC->PLLCFGR & RCC_PLLCFGR_PLLN) >> 6);
 203              		.loc 1 308 0
 204 0128 4FF49053 		mov	r3, #4608
 205 012c C0F27A03 		movt	r3, 122
 206 0130 7A68     		ldr	r2, [r7, #4]
 207 0132 B3FBF2F2 		udiv	r2, r3, r2
 208 0136 4FF46053 		mov	r3, #14336
 209 013a C4F20203 		movt	r3, 16386
 210 013e 5968     		ldr	r1, [r3, #4]
 211 0140 47F6C073 		movw	r3, #32704
 212 0144 0B40     		ands	r3, r3, r1
 213 0146 4FEA9313 		lsr	r3, r3, #6
 214 014a 03FB02F3 		mul	r3, r3, r2
 215 014e 7B61     		str	r3, [r7, #20]
 216 0150 13E0     		b	.L9
 217              	.L8:
 309:../system_stm32f4xx.c ****       }
 310:../system_stm32f4xx.c ****       else
 311:../system_stm32f4xx.c ****       {
 312:../system_stm32f4xx.c ****         /* HSI used as PLL clock source */
 313:../system_stm32f4xx.c ****         pllvco = (HSI_VALUE / pllm) * ((RCC->PLLCFGR & RCC_PLLCFGR_PLLN) >> 6);      
 218              		.loc 1 313 0
 219 0152 4FF41053 		mov	r3, #9216
 220 0156 C0F2F403 		movt	r3, 244
 221 015a 7A68     		ldr	r2, [r7, #4]
 222 015c B3FBF2F2 		udiv	r2, r3, r2
 223 0160 4FF46053 		mov	r3, #14336
 224 0164 C4F20203 		movt	r3, 16386
 225 0168 5968     		ldr	r1, [r3, #4]
 226 016a 47F6C073 		movw	r3, #32704
 227 016e 0B40     		ands	r3, r3, r1
 228 0170 4FEA9313 		lsr	r3, r3, #6
 229 0174 03FB02F3 		mul	r3, r3, r2
 230 0178 7B61     		str	r3, [r7, #20]
 231              	.L9:
 314:../system_stm32f4xx.c ****       }
 315:../system_stm32f4xx.c **** 
 316:../system_stm32f4xx.c ****       pllp = (((RCC->PLLCFGR & RCC_PLLCFGR_PLLP) >>16) + 1 ) *2;
 232              		.loc 1 316 0
 233 017a 4FF46053 		mov	r3, #14336
 234 017e C4F20203 		movt	r3, 16386
 235 0182 5B68     		ldr	r3, [r3, #4]
 236 0184 03F44033 		and	r3, r3, #196608
 237 0188 4FEA1343 		lsr	r3, r3, #16
 238 018c 03F10103 		add	r3, r3, #1
 239 0190 4FEA4303 		lsl	r3, r3, #1
 240 0194 FB60     		str	r3, [r7, #12]
 317:../system_stm32f4xx.c ****       SystemCoreClock = pllvco/pllp;
 241              		.loc 1 317 0
 242 0196 7A69     		ldr	r2, [r7, #20]
 243 0198 FB68     		ldr	r3, [r7, #12]
 244 019a B2FBF3F2 		udiv	r2, r2, r3
 245 019e 40F20003 		movw	r3, #:lower16:SystemCoreClock
 246 01a2 C0F20003 		movt	r3, #:upper16:SystemCoreClock
 247 01a6 1A60     		str	r2, [r3, #0]
 318:../system_stm32f4xx.c ****       break;
 248              		.loc 1 318 0
 249 01a8 09E0     		b	.L7
 250              	.L10:
 319:../system_stm32f4xx.c ****     default:
 320:../system_stm32f4xx.c ****       SystemCoreClock = HSI_VALUE;
 251              		.loc 1 320 0
 252 01aa 40F20003 		movw	r3, #:lower16:SystemCoreClock
 253 01ae C0F20003 		movt	r3, #:upper16:SystemCoreClock
 254 01b2 4FF41052 		mov	r2, #9216
 255 01b6 C0F2F402 		movt	r2, 244
 256 01ba 1A60     		str	r2, [r3, #0]
 321:../system_stm32f4xx.c ****       break;
 257              		.loc 1 321 0
 258 01bc 00BF     		nop
 259              	.L7:
 322:../system_stm32f4xx.c ****   }
 323:../system_stm32f4xx.c ****   /* Compute HCLK frequency --------------------------------------------------*/
 324:../system_stm32f4xx.c ****   /* Get HCLK prescaler */
 325:../system_stm32f4xx.c ****   tmp = AHBPrescTable[((RCC->CFGR & RCC_CFGR_HPRE) >> 4)];
 260              		.loc 1 325 0
 261 01be 4FF46053 		mov	r3, #14336
 262 01c2 C4F20203 		movt	r3, 16386
 263 01c6 9B68     		ldr	r3, [r3, #8]
 264 01c8 03F0F003 		and	r3, r3, #240
 265 01cc 4FEA1312 		lsr	r2, r3, #4
 266 01d0 40F20003 		movw	r3, #:lower16:AHBPrescTable
 267 01d4 C0F20003 		movt	r3, #:upper16:AHBPrescTable
 268 01d8 9B5C     		ldrb	r3, [r3, r2]
 269 01da DBB2     		uxtb	r3, r3
 270 01dc 3B61     		str	r3, [r7, #16]
 326:../system_stm32f4xx.c ****   /* HCLK frequency */
 327:../system_stm32f4xx.c ****   SystemCoreClock >>= tmp;
 271              		.loc 1 327 0
 272 01de 40F20003 		movw	r3, #:lower16:SystemCoreClock
 273 01e2 C0F20003 		movt	r3, #:upper16:SystemCoreClock
 274 01e6 1A68     		ldr	r2, [r3, #0]
 275 01e8 3B69     		ldr	r3, [r7, #16]
 276 01ea 22FA03F2 		lsr	r2, r2, r3
 277 01ee 40F20003 		movw	r3, #:lower16:SystemCoreClock
 278 01f2 C0F20003 		movt	r3, #:upper16:SystemCoreClock
 279 01f6 1A60     		str	r2, [r3, #0]
 328:../system_stm32f4xx.c **** }
 280              		.loc 1 328 0
 281 01f8 07F11C07 		add	r7, r7, #28
 282 01fc BD46     		mov	sp, r7
 283 01fe 80BC     		pop	{r7}
 284 0200 7047     		bx	lr
 285              		.cfi_endproc
 286              	.LFE111:
 288 0202 00BF     		.align	2
 289              		.thumb
 290              		.thumb_func
 292              	SetSysClock:
 293              	.LFB112:
 329:../system_stm32f4xx.c **** 
 330:../system_stm32f4xx.c **** /**
 331:../system_stm32f4xx.c ****   * @brief  Configures the System clock source, PLL Multiplier and Divider factors, 
 332:../system_stm32f4xx.c ****   *         AHB/APBx prescalers and Flash settings
 333:../system_stm32f4xx.c ****   * @Note   This function should be called only once the RCC clock configuration  
 334:../system_stm32f4xx.c ****   *         is reset to the default reset state (done in SystemInit() function).   
 335:../system_stm32f4xx.c ****   * @param  None
 336:../system_stm32f4xx.c ****   * @retval None
 337:../system_stm32f4xx.c ****   */
 338:../system_stm32f4xx.c **** static void SetSysClock(void)
 339:../system_stm32f4xx.c **** {
 294              		.loc 1 339 0
 295              		.cfi_startproc
 296              		@ args = 0, pretend = 0, frame = 8
 297              		@ frame_needed = 1, uses_anonymous_args = 0
 298              		@ link register save eliminated.
 299 0204 80B4     		push	{r7}
 300              	.LCFI5:
 301              		.cfi_def_cfa_offset 4
 302              		.cfi_offset 7, -4
 303 0206 83B0     		sub	sp, sp, #12
 304              	.LCFI6:
 305              		.cfi_def_cfa_offset 16
 306 0208 00AF     		add	r7, sp, #0
 307              	.LCFI7:
 308              		.cfi_def_cfa_register 7
 340:../system_stm32f4xx.c **** /******************************************************************************/
 341:../system_stm32f4xx.c **** /*            PLL (clocked by HSE) used as System clock source                */
 342:../system_stm32f4xx.c **** /******************************************************************************/
 343:../system_stm32f4xx.c ****   __IO uint32_t StartUpCounter = 0, HSEStatus = 0;
 309              		.loc 1 343 0
 310 020a 4FF00003 		mov	r3, #0
 311 020e 7B60     		str	r3, [r7, #4]
 312 0210 4FF00003 		mov	r3, #0
 313 0214 3B60     		str	r3, [r7, #0]
 344:../system_stm32f4xx.c ****   
 345:../system_stm32f4xx.c ****   /* Enable HSE */
 346:../system_stm32f4xx.c ****   RCC->CR |= ((uint32_t)RCC_CR_HSEON);
 314              		.loc 1 346 0
 315 0216 4FF46053 		mov	r3, #14336
 316 021a C4F20203 		movt	r3, 16386
 317 021e 4FF46052 		mov	r2, #14336
 318 0222 C4F20202 		movt	r2, 16386
 319 0226 1268     		ldr	r2, [r2, #0]
 320 0228 42F48032 		orr	r2, r2, #65536
 321 022c 1A60     		str	r2, [r3, #0]
 322              	.L13:
 347:../system_stm32f4xx.c ****  
 348:../system_stm32f4xx.c ****   /* Wait till HSE is ready and if Time out is reached exit */
 349:../system_stm32f4xx.c ****   do
 350:../system_stm32f4xx.c ****   {
 351:../system_stm32f4xx.c ****     HSEStatus = RCC->CR & RCC_CR_HSERDY;
 323              		.loc 1 351 0 discriminator 1
 324 022e 4FF46053 		mov	r3, #14336
 325 0232 C4F20203 		movt	r3, 16386
 326 0236 1B68     		ldr	r3, [r3, #0]
 327 0238 03F40033 		and	r3, r3, #131072
 328 023c 3B60     		str	r3, [r7, #0]
 352:../system_stm32f4xx.c ****     StartUpCounter++;
 329              		.loc 1 352 0 discriminator 1
 330 023e 7B68     		ldr	r3, [r7, #4]
 331 0240 03F10103 		add	r3, r3, #1
 332 0244 7B60     		str	r3, [r7, #4]
 353:../system_stm32f4xx.c ****   } while((HSEStatus == 0) && (StartUpCounter != HSE_STARTUP_TIMEOUT));
 333              		.loc 1 353 0 discriminator 1
 334 0246 3B68     		ldr	r3, [r7, #0]
 335 0248 002B     		cmp	r3, #0
 336 024a 03D1     		bne	.L12
 337 024c 7B68     		ldr	r3, [r7, #4]
 338 024e B3F5A06F 		cmp	r3, #1280
 339 0252 ECD1     		bne	.L13
 340              	.L12:
 354:../system_stm32f4xx.c **** 
 355:../system_stm32f4xx.c ****   if ((RCC->CR & RCC_CR_HSERDY) != RESET)
 341              		.loc 1 355 0
 342 0254 4FF46053 		mov	r3, #14336
 343 0258 C4F20203 		movt	r3, 16386
 344 025c 1B68     		ldr	r3, [r3, #0]
 345 025e 03F40033 		and	r3, r3, #131072
 346 0262 002B     		cmp	r3, #0
 347 0264 03D0     		beq	.L14
 356:../system_stm32f4xx.c ****   {
 357:../system_stm32f4xx.c ****     HSEStatus = (uint32_t)0x01;
 348              		.loc 1 357 0
 349 0266 4FF00103 		mov	r3, #1
 350 026a 3B60     		str	r3, [r7, #0]
 351 026c 02E0     		b	.L15
 352              	.L14:
 358:../system_stm32f4xx.c ****   }
 359:../system_stm32f4xx.c ****   else
 360:../system_stm32f4xx.c ****   {
 361:../system_stm32f4xx.c ****     HSEStatus = (uint32_t)0x00;
 353              		.loc 1 361 0
 354 026e 4FF00003 		mov	r3, #0
 355 0272 3B60     		str	r3, [r7, #0]
 356              	.L15:
 362:../system_stm32f4xx.c ****   }
 363:../system_stm32f4xx.c **** 
 364:../system_stm32f4xx.c ****   if (HSEStatus == (uint32_t)0x01)
 357              		.loc 1 364 0
 358 0274 3B68     		ldr	r3, [r7, #0]
 359 0276 012B     		cmp	r3, #1
 360 0278 40F08280 		bne	.L16
 365:../system_stm32f4xx.c ****   {
 366:../system_stm32f4xx.c ****     /* Enable high performance mode, System frequency up to 168 MHz */
 367:../system_stm32f4xx.c ****     RCC->APB1ENR |= RCC_APB1ENR_PWREN;
 361              		.loc 1 367 0
 362 027c 4FF46053 		mov	r3, #14336
 363 0280 C4F20203 		movt	r3, 16386
 364 0284 4FF46052 		mov	r2, #14336
 365 0288 C4F20202 		movt	r2, 16386
 366 028c 126C     		ldr	r2, [r2, #64]
 367 028e 42F08052 		orr	r2, r2, #268435456
 368 0292 1A64     		str	r2, [r3, #64]
 368:../system_stm32f4xx.c ****     PWR->CR |= PWR_CR_PMODE;  
 369              		.loc 1 368 0
 370 0294 4FF4E043 		mov	r3, #28672
 371 0298 C4F20003 		movt	r3, 16384
 372 029c 4FF4E042 		mov	r2, #28672
 373 02a0 C4F20002 		movt	r2, 16384
 374 02a4 1268     		ldr	r2, [r2, #0]
 375 02a6 42F48042 		orr	r2, r2, #16384
 376 02aa 1A60     		str	r2, [r3, #0]
 369:../system_stm32f4xx.c **** 
 370:../system_stm32f4xx.c ****     /* HCLK = SYSCLK / 1*/
 371:../system_stm32f4xx.c ****     RCC->CFGR |= RCC_CFGR_HPRE_DIV1;
 377              		.loc 1 371 0
 378 02ac 4FF46053 		mov	r3, #14336
 379 02b0 C4F20203 		movt	r3, 16386
 380 02b4 4FF46052 		mov	r2, #14336
 381 02b8 C4F20202 		movt	r2, 16386
 382 02bc 9268     		ldr	r2, [r2, #8]
 383 02be 9A60     		str	r2, [r3, #8]
 372:../system_stm32f4xx.c ****       
 373:../system_stm32f4xx.c ****     /* PCLK2 = HCLK / 2*/
 374:../system_stm32f4xx.c ****     RCC->CFGR |= RCC_CFGR_PPRE2_DIV2;
 384              		.loc 1 374 0
 385 02c0 4FF46053 		mov	r3, #14336
 386 02c4 C4F20203 		movt	r3, 16386
 387 02c8 4FF46052 		mov	r2, #14336
 388 02cc C4F20202 		movt	r2, 16386
 389 02d0 9268     		ldr	r2, [r2, #8]
 390 02d2 42F40042 		orr	r2, r2, #32768
 391 02d6 9A60     		str	r2, [r3, #8]
 375:../system_stm32f4xx.c ****     
 376:../system_stm32f4xx.c ****     /* PCLK1 = HCLK / 4*/
 377:../system_stm32f4xx.c ****     RCC->CFGR |= RCC_CFGR_PPRE1_DIV4;
 392              		.loc 1 377 0
 393 02d8 4FF46053 		mov	r3, #14336
 394 02dc C4F20203 		movt	r3, 16386
 395 02e0 4FF46052 		mov	r2, #14336
 396 02e4 C4F20202 		movt	r2, 16386
 397 02e8 9268     		ldr	r2, [r2, #8]
 398 02ea 42F4A052 		orr	r2, r2, #5120
 399 02ee 9A60     		str	r2, [r3, #8]
 378:../system_stm32f4xx.c **** 
 379:../system_stm32f4xx.c ****     /* Configure the main PLL */
 380:../system_stm32f4xx.c ****     RCC->PLLCFGR = PLL_M | (PLL_N << 6) | (((PLL_P >> 1) -1) << 16) |
 400              		.loc 1 380 0
 401 02f0 4FF46053 		mov	r3, #14336
 402 02f4 C4F20203 		movt	r3, 16386
 403 02f8 45F20842 		movw	r2, #21512
 404 02fc C0F24072 		movt	r2, 1856
 405 0300 5A60     		str	r2, [r3, #4]
 381:../system_stm32f4xx.c ****                    (RCC_PLLCFGR_PLLSRC_HSE) | (PLL_Q << 24);
 382:../system_stm32f4xx.c **** 
 383:../system_stm32f4xx.c ****     /* Enable the main PLL */
 384:../system_stm32f4xx.c ****     RCC->CR |= RCC_CR_PLLON;
 406              		.loc 1 384 0
 407 0302 4FF46053 		mov	r3, #14336
 408 0306 C4F20203 		movt	r3, 16386
 409 030a 4FF46052 		mov	r2, #14336
 410 030e C4F20202 		movt	r2, 16386
 411 0312 1268     		ldr	r2, [r2, #0]
 412 0314 42F08072 		orr	r2, r2, #16777216
 413 0318 1A60     		str	r2, [r3, #0]
 385:../system_stm32f4xx.c **** 
 386:../system_stm32f4xx.c ****     /* Wait till the main PLL is ready */
 387:../system_stm32f4xx.c ****     while((RCC->CR & RCC_CR_PLLRDY) == 0)
 414              		.loc 1 387 0
 415 031a 00BF     		nop
 416              	.L17:
 417              		.loc 1 387 0 is_stmt 0 discriminator 1
 418 031c 4FF46053 		mov	r3, #14336
 419 0320 C4F20203 		movt	r3, 16386
 420 0324 1B68     		ldr	r3, [r3, #0]
 421 0326 03F00073 		and	r3, r3, #33554432
 422 032a 002B     		cmp	r3, #0
 423 032c F6D0     		beq	.L17
 388:../system_stm32f4xx.c ****     {
 389:../system_stm32f4xx.c ****     }
 390:../system_stm32f4xx.c ****    
 391:../system_stm32f4xx.c ****     /* Configure Flash prefetch, Instruction cache, Data cache and wait state */
 392:../system_stm32f4xx.c ****     FLASH->ACR = FLASH_ACR_ICEN |FLASH_ACR_DCEN |FLASH_ACR_LATENCY_5WS;
 424              		.loc 1 392 0 is_stmt 1
 425 032e 4FF47053 		mov	r3, #15360
 426 0332 C4F20203 		movt	r3, 16386
 427 0336 40F20562 		movw	r2, #1541
 428 033a 1A60     		str	r2, [r3, #0]
 393:../system_stm32f4xx.c **** 
 394:../system_stm32f4xx.c ****     /* Select the main PLL as system clock source */
 395:../system_stm32f4xx.c ****     RCC->CFGR &= (uint32_t)((uint32_t)~(RCC_CFGR_SW));
 429              		.loc 1 395 0
 430 033c 4FF46053 		mov	r3, #14336
 431 0340 C4F20203 		movt	r3, 16386
 432 0344 4FF46052 		mov	r2, #14336
 433 0348 C4F20202 		movt	r2, 16386
 434 034c 9268     		ldr	r2, [r2, #8]
 435 034e 22F00302 		bic	r2, r2, #3
 436 0352 9A60     		str	r2, [r3, #8]
 396:../system_stm32f4xx.c ****     RCC->CFGR |= RCC_CFGR_SW_PLL;
 437              		.loc 1 396 0
 438 0354 4FF46053 		mov	r3, #14336
 439 0358 C4F20203 		movt	r3, 16386
 440 035c 4FF46052 		mov	r2, #14336
 441 0360 C4F20202 		movt	r2, 16386
 442 0364 9268     		ldr	r2, [r2, #8]
 443 0366 42F00202 		orr	r2, r2, #2
 444 036a 9A60     		str	r2, [r3, #8]
 397:../system_stm32f4xx.c **** 
 398:../system_stm32f4xx.c ****     /* Wait till the main PLL is used as system clock source */
 399:../system_stm32f4xx.c ****     while ((RCC->CFGR & (uint32_t)RCC_CFGR_SWS ) != RCC_CFGR_SWS_PLL);
 445              		.loc 1 399 0
 446 036c 00BF     		nop
 447              	.L18:
 448              		.loc 1 399 0 is_stmt 0 discriminator 1
 449 036e 4FF46053 		mov	r3, #14336
 450 0372 C4F20203 		movt	r3, 16386
 451 0376 9B68     		ldr	r3, [r3, #8]
 452 0378 03F00C03 		and	r3, r3, #12
 453 037c 082B     		cmp	r3, #8
 454 037e F6D1     		bne	.L18
 455              	.L16:
 400:../system_stm32f4xx.c ****     {
 401:../system_stm32f4xx.c ****     }
 402:../system_stm32f4xx.c ****   }
 403:../system_stm32f4xx.c ****   else
 404:../system_stm32f4xx.c ****   { /* If HSE fails to start-up, the application will have wrong clock
 405:../system_stm32f4xx.c ****          configuration. User can add here some code to deal with this error */
 406:../system_stm32f4xx.c ****   }
 407:../system_stm32f4xx.c **** 
 408:../system_stm32f4xx.c **** /******************************************************************************/
 409:../system_stm32f4xx.c **** /*                        I2S clock configuration                             */
 410:../system_stm32f4xx.c **** /******************************************************************************/
 411:../system_stm32f4xx.c ****   /* PLLI2S clock used as I2S clock source */
 412:../system_stm32f4xx.c ****   RCC->CFGR &= ~RCC_CFGR_I2SSRC;
 456              		.loc 1 412 0 is_stmt 1
 457 0380 4FF46053 		mov	r3, #14336
 458 0384 C4F20203 		movt	r3, 16386
 459 0388 4FF46052 		mov	r2, #14336
 460 038c C4F20202 		movt	r2, 16386
 461 0390 9268     		ldr	r2, [r2, #8]
 462 0392 22F40002 		bic	r2, r2, #8388608
 463 0396 9A60     		str	r2, [r3, #8]
 413:../system_stm32f4xx.c **** 
 414:../system_stm32f4xx.c ****   /* Configure PLLI2S */
 415:../system_stm32f4xx.c ****   RCC->PLLI2SCFGR = (PLLI2S_N << 6) | (PLLI2S_R << 28);
 464              		.loc 1 415 0
 465 0398 4FF46053 		mov	r3, #14336
 466 039c C4F20203 		movt	r3, 16386
 467 03a0 4FF44052 		mov	r2, #12288
 468 03a4 C5F20002 		movt	r2, 20480
 469 03a8 C3F88420 		str	r2, [r3, #132]
 416:../system_stm32f4xx.c **** 
 417:../system_stm32f4xx.c ****   /* Enable PLLI2S */
 418:../system_stm32f4xx.c ****   RCC->CR |= ((uint32_t)RCC_CR_PLLI2SON);
 470              		.loc 1 418 0
 471 03ac 4FF46053 		mov	r3, #14336
 472 03b0 C4F20203 		movt	r3, 16386
 473 03b4 4FF46052 		mov	r2, #14336
 474 03b8 C4F20202 		movt	r2, 16386
 475 03bc 1268     		ldr	r2, [r2, #0]
 476 03be 42F08062 		orr	r2, r2, #67108864
 477 03c2 1A60     		str	r2, [r3, #0]
 419:../system_stm32f4xx.c **** 
 420:../system_stm32f4xx.c ****   /* Wait till PLLI2S is ready */
 421:../system_stm32f4xx.c ****   while((RCC->CR & RCC_CR_PLLI2SRDY) == 0)
 478              		.loc 1 421 0
 479 03c4 00BF     		nop
 480              	.L19:
 481              		.loc 1 421 0 is_stmt 0 discriminator 1
 482 03c6 4FF46053 		mov	r3, #14336
 483 03ca C4F20203 		movt	r3, 16386
 484 03ce 1B68     		ldr	r3, [r3, #0]
 485 03d0 03F00063 		and	r3, r3, #134217728
 486 03d4 002B     		cmp	r3, #0
 487 03d6 F6D0     		beq	.L19
 422:../system_stm32f4xx.c ****   {
 423:../system_stm32f4xx.c ****   }
 424:../system_stm32f4xx.c **** }
 488              		.loc 1 424 0 is_stmt 1
 489 03d8 07F10C07 		add	r7, r7, #12
 490 03dc BD46     		mov	sp, r7
 491 03de 80BC     		pop	{r7}
 492 03e0 7047     		bx	lr
 493              		.cfi_endproc
 494              	.LFE112:
 496              	.Letext0:
 497              		.file 2 "/Users/josefvanniekerk/Developer/Cross/arm-cs-tools-2012.03-56-e3f4013-20130305/lib/gcc/a
 498              		.file 3 "/Users/josefvanniekerk/Projects/stm32f4-discovery/projects/demonstration/../../libraries/
 499              		.file 4 "/Users/josefvanniekerk/Projects/stm32f4-discovery/projects/demonstration/../../libraries/
DEFINED SYMBOLS
                            *ABS*:0000000000000000 system_stm32f4xx.c
/var/folders/29/q4vqrldx53dd1j615jflh8h40000gn/T//cceDpZOq.s:23     .data:0000000000000000 SystemCoreClock
/var/folders/29/q4vqrldx53dd1j615jflh8h40000gn/T//cceDpZOq.s:20     .data:0000000000000000 $d
/var/folders/29/q4vqrldx53dd1j615jflh8h40000gn/T//cceDpZOq.s:29     .data:0000000000000004 AHBPrescTable
/var/folders/29/q4vqrldx53dd1j615jflh8h40000gn/T//cceDpZOq.s:47     .text:0000000000000000 $t
/var/folders/29/q4vqrldx53dd1j615jflh8h40000gn/T//cceDpZOq.s:52     .text:0000000000000000 SystemInit
/var/folders/29/q4vqrldx53dd1j615jflh8h40000gn/T//cceDpZOq.s:292    .text:0000000000000204 SetSysClock
/var/folders/29/q4vqrldx53dd1j615jflh8h40000gn/T//cceDpZOq.s:125    .text:0000000000000094 SystemCoreClockUpdate
                     .debug_frame:0000000000000010 $d

NO UNDEFINED SYMBOLS
